<?xml version="1.0" encoding="UTF-8"?>
<!-- Generated by org.testng.reporters.JUnitReportReporter -->
<testsuite hostname="MSI" failures="0" tests="2" name="AB_Testing.Dropdown_List" time="4.758" errors="0" timestamp="2022-12-21T12:02:02 EET" skipped="0">
  <testcase classname="AB_Testing.Dropdown_List" name="checkFooter" time="0.033"/>
  <system-out/>
  <testcase classname="AB_Testing.Dropdown_List" name="disappearing" time="4.725"/>
  <system-out/>
</testsuite> <!-- AB_Testing.Dropdown_List -->
