<?xml version="1.0" encoding="UTF-8"?>
<!-- Generated by org.testng.reporters.JUnitReportReporter -->
<testsuite hostname="MSI" failures="0" tests="2" name="AB_Testing.Entry_Ad" time="7.089" errors="0" timestamp="2022-12-21T20:58:26 EET" skipped="0">
  <testcase classname="AB_Testing.Entry_Ad" name="checkFooter" time="0.034"/>
  <system-out/>
  <testcase classname="AB_Testing.Entry_Ad" name="test" time="7.055"/>
  <system-out/>
</testsuite> <!-- AB_Testing.Entry_Ad -->
