<?xml version="1.0" encoding="UTF-8"?>
<!-- Generated by org.testng.reporters.JUnitReportReporter -->
<testsuite hostname="MSI" failures="0" tests="2" name="AB_Testing.checkAllButtons" time="21.691" errors="0" timestamp="2022-12-19T13:02:35 EET" skipped="0">
  <testcase classname="AB_Testing.checkAllButtons" name="allButtons" time="21.665"/>
  <system-out/>
  <testcase classname="AB_Testing.checkAllButtons" name="checkFooter" time="0.026"/>
  <system-out/>
</testsuite> <!-- AB_Testing.checkAllButtons -->
