<?xml version="1.0" encoding="UTF-8"?>
<!-- Generated by org.testng.reporters.JUnitReportReporter -->
<testsuite hostname="MSI" failures="0" tests="2" name="AB_Testing.Basic_Auth" time="2.855" errors="0" timestamp="2022-12-18T11:51:10 EET" skipped="0">
  <testcase classname="AB_Testing.Basic_Auth" name="checkFooter" time="0.016"/>
  <system-out/>
  <testcase classname="AB_Testing.Basic_Auth" name="alert" time="2.839"/>
  <system-out/>
</testsuite> <!-- AB_Testing.Basic_Auth -->
