<?xml version="1.0" encoding="UTF-8"?>
<!-- Generated by org.testng.reporters.JUnitReportReporter -->
<testsuite hostname="MSI" failures="0" tests="2" name="AB_Testing.AB_Testing" time="0.725" errors="0" timestamp="2022-12-19T13:02:35 EET" skipped="0">
  <testcase classname="AB_Testing.AB_Testing" name="check" time="0.702"/>
  <system-out/>
  <testcase classname="AB_Testing.AB_Testing" name="checkFooter" time="0.023"/>
  <system-out/>
</testsuite> <!-- AB_Testing.AB_Testing -->
