<?xml version="1.0" encoding="UTF-8"?>
<!-- Generated by org.testng.reporters.JUnitReportReporter -->
<testsuite hostname="MSI" failures="0" tests="2" name="Dynamic_Loading.Example_1" time="0.651" errors="0" timestamp="2022-12-21T19:05:53 EET" skipped="0">
  <testcase classname="Dynamic_Loading.Example_1" name="test" time="0.616"/>
  <system-out/>
  <testcase classname="Dynamic_Loading.Example_1" name="checkFooter" time="0.035"/>
  <system-out/>
</testsuite> <!-- Dynamic_Loading.Example_1 -->
