<?xml version="1.0" encoding="UTF-8"?>
<!-- Generated by org.testng.reporters.JUnitReportReporter -->
<testsuite hostname="MSI" failures="0" tests="2" name="AB_Testing.Checkboxes" time="0.681" errors="0" timestamp="2022-12-19T13:02:35 EET" skipped="0">
  <testcase classname="AB_Testing.Checkboxes" name="checkboxes" time="0.654"/>
  <system-out/>
  <testcase classname="AB_Testing.Checkboxes" name="checkFooter" time="0.027"/>
  <system-out/>
</testsuite> <!-- AB_Testing.Checkboxes -->
