<?xml version="1.0" encoding="UTF-8"?>
<!-- Generated by org.testng.reporters.JUnitReportReporter -->
<testsuite hostname="MSI" failures="0" tests="2" name="Dynamic_Loading.Example_2" time="5.744" errors="0" timestamp="2022-12-21T18:47:39 EET" skipped="0">
  <testcase classname="Dynamic_Loading.Example_2" name="checkFooter" time="0.033"/>
  <system-out/>
  <testcase classname="Dynamic_Loading.Example_2" name="test" time="5.711"/>
  <system-out/>
</testsuite> <!-- Dynamic_Loading.Example_2 -->
