<?xml version="1.0" encoding="UTF-8"?>
<!-- Generated by org.testng.reporters.JUnitReportReporter -->
<testsuite hostname="MSI" failures="0" tests="2" name="AB_Testing.Broken_Images" time="2.329" errors="0" timestamp="2022-12-19T13:02:35 EET" skipped="0">
  <testcase classname="AB_Testing.Broken_Images" name="checkFooter" time="0.034"/>
  <system-out/>
  <testcase classname="AB_Testing.Broken_Images" name="images" time="2.295"/>
  <system-out/>
</testsuite> <!-- AB_Testing.Broken_Images -->
