<?xml version="1.0" encoding="UTF-8"?>
<!-- Generated by org.testng.reporters.JUnitReportReporter -->
<testsuite hostname="MSI" failures="0" tests="2" name="Dynamic_Controls.Enable_disable" time="0.855" errors="0" timestamp="2022-12-21T20:05:05 EET" skipped="0">
  <testcase classname="Dynamic_Controls.Enable_disable" name="checkFooter" time="0.035"/>
  <system-out/>
  <testcase classname="Dynamic_Controls.Enable_disable" name="test" time="0.820"/>
  <system-out/>
</testsuite> <!-- Dynamic_Controls.Enable_disable -->
