<?xml version="1.0" encoding="UTF-8"?>
<!-- Generated by org.testng.reporters.JUnitReportReporter -->
<testsuite hostname="MSI" failures="0" tests="3" name="AB_Testing.Add_Remove_Elements" time="30.105" errors="0" timestamp="2022-12-19T13:02:35 EET" skipped="0">
  <testcase classname="AB_Testing.Add_Remove_Elements" name="addButtons" time="13.749"/>
  <system-out/>
  <testcase classname="AB_Testing.Add_Remove_Elements" name="checkFooter" time="0.021"/>
  <system-out/>
  <testcase classname="AB_Testing.Add_Remove_Elements" name="removeButtons" time="16.335"/>
  <system-out/>
</testsuite> <!-- AB_Testing.Add_Remove_Elements -->
