<?xml version="1.0" encoding="UTF-8"?>
<!-- Generated by org.testng.reporters.JUnitReportReporter -->
<testsuite hostname="MSI" failures="0" tests="2" name="Dynamic_Loading.Dynamically_Loaded_Page_Elements" time="0.782" errors="0" timestamp="2022-12-21T18:53:48 EET" skipped="0">
  <testcase classname="Dynamic_Loading.Dynamically_Loaded_Page_Elements" name="test" time="0.743"/>
  <system-out/>
  <testcase classname="Dynamic_Loading.Dynamically_Loaded_Page_Elements" name="checkFooter" time="0.039"/>
  <system-out/>
</testsuite> <!-- Dynamic_Loading.Dynamically_Loaded_Page_Elements -->
