<?xml version="1.0" encoding="UTF-8"?>
<!-- Generated by org.testng.reporters.JUnitReportReporter -->
<testsuite hostname="MSI" failures="0" tests="2" name="Dynamic_Controls.Remove_add" time="6.703" errors="0" timestamp="2022-12-21T19:36:18 EET" skipped="0">
  <testcase classname="Dynamic_Controls.Remove_add" name="test" time="6.670"/>
  <system-out/>
  <testcase classname="Dynamic_Controls.Remove_add" name="checkFooter" time="0.033"/>
  <system-out/>
</testsuite> <!-- Dynamic_Controls.Remove_add -->
